[debug] [2024-09-19T15:29:20.502Z] ----------------------------------------------------------------------
[debug] [2024-09-19T15:29:20.507Z] Command:       /opt/homebrew/Cellar/node/22.9.0/bin/node /opt/homebrew/bin/firebase init
[debug] [2024-09-19T15:29:20.507Z] CLI Version:   13.17.0
[debug] [2024-09-19T15:29:20.507Z] Platform:      darwin
[debug] [2024-09-19T15:29:20.508Z] Node Version:  v22.9.0
[debug] [2024-09-19T15:29:20.508Z] Time:          Thu Sep 19 2024 10:29:20 GMT-0500 (Central Daylight Time)
[debug] [2024-09-19T15:29:20.508Z] ----------------------------------------------------------------------
[debug] 
[debug] [2024-09-19T15:29:20.512Z] > command requires scopes: ["email","openid","https://www.googleapis.com/auth/cloudplatformprojects.readonly","https://www.googleapis.com/auth/firebase","https://www.googleapis.com/auth/cloud-platform"]
[debug] [2024-09-19T15:29:20.513Z] > authorizing via signed-in user (sydneyachristenson@gmail.com)
[info] 
     ######## #### ########  ######## ########     ###     ######  ########
     ##        ##  ##     ## ##       ##     ##  ##   ##  ##       ##
     ######    ##  ########  ######   ########  #########  ######  ######
     ##        ##  ##    ##  ##       ##     ## ##     ##       ## ##
     ##       #### ##     ## ######## ########  ##     ##  ######  ########

You're about to initialize a Firebase project in this directory:

  /Users/syd/Documents/GitHub/Base-Model-Portfolio-Website

[info] 
=== Project Setup
[info] 
[info] First, let's associate this project directory with a Firebase project.
[info] You can create multiple project aliases by running firebase use --add, 
[info] but for now we'll just set up a default project.
[info] 
[debug] [2024-09-19T15:29:49.459Z] >>> [apiv2][query] GET https://firebase.googleapis.com/v1beta1/projects pageSize=100
[debug] [2024-09-19T15:29:50.444Z] <<< [apiv2][status] GET https://firebase.googleapis.com/v1beta1/projects 200
[debug] [2024-09-19T15:29:50.444Z] <<< [apiv2][body] GET https://firebase.googleapis.com/v1beta1/projects [omitted]
[info] i  Using project portfolio-4cb6d (portfolio) 
[info] 
=== Hosting Setup
[debug] [2024-09-19T15:29:51.813Z] >>> [apiv2][query] GET https://firebase.googleapis.com/v1beta1/projects/portfolio-4cb6d [none]
[debug] [2024-09-19T15:29:52.222Z] <<< [apiv2][status] GET https://firebase.googleapis.com/v1beta1/projects/portfolio-4cb6d 200
[debug] [2024-09-19T15:29:52.223Z] <<< [apiv2][body] GET https://firebase.googleapis.com/v1beta1/projects/portfolio-4cb6d {"projectId":"portfolio-4cb6d","projectNumber":"471112092797","displayName":"portfolio","name":"projects/portfolio-4cb6d","resources":{"hostingSite":"portfolio-4cb6d"},"state":"ACTIVE","etag":"1_d7d4610d-e0a4-4589-b357-476c25c7575b"}
[info] 
[info] Your public directory is the folder (relative to your project directory) that
[info] will contain Hosting assets to be uploaded with firebase deploy. If you
[info] have a build process for your assets, use your build's output directory.
[info] 
